2019-05-06 13:59:46,849 ERROR executor.ExecutorEngine - Concurrent execute result error {}
java.sql.SQLException: Error
	at com.alibaba.druid.pool.DruidDataSource.handleConnectionException(DruidDataSource.java:1195)
	at com.alibaba.druid.pool.DruidPooledConnection.handleException(DruidPooledConnection.java:127)
	at com.alibaba.druid.pool.DruidPooledStatement.checkException(DruidPooledStatement.java:68)
	at com.alibaba.druid.pool.DruidPooledPreparedStatement.execute(DruidPooledPreparedStatement.java:495)
	at com.dangdang.ddframe.rdb.sharding.executor.PreparedStatementExecutor$4.execute(PreparedStatementExecutor.java:119)
	at com.dangdang.ddframe.rdb.sharding.executor.PreparedStatementExecutor$4.execute(PreparedStatementExecutor.java:115)
	at com.dangdang.ddframe.rdb.sharding.executor.ExecutorEngine$1.call(ExecutorEngine.java:86)
	at java.util.concurrent.FutureTask.run(FutureTask.java:266)
	at java.util.concurrent.ThreadPoolExecutor.runWorker(ThreadPoolExecutor.java:1142)
	at java.util.concurrent.ThreadPoolExecutor$Worker.run(ThreadPoolExecutor.java:617)
	at java.lang.Thread.run(Thread.java:748)
Caused by: java.lang.NullPointerException
	at com.alibaba.druid.support.profile.Profiler.release(Profiler.java:58)
	at com.alibaba.druid.filter.stat.StatFilter.statement_executeErrorAfter(StatFilter.java:501)
	at com.alibaba.druid.filter.FilterEventAdapter.preparedStatement_execute(FilterEventAdapter.java:450)
	at com.alibaba.druid.filter.FilterChainImpl.preparedStatement_execute(FilterChainImpl.java:2929)
	at com.alibaba.druid.proxy.jdbc.PreparedStatementProxyImpl.execute(PreparedStatementProxyImpl.java:118)
	at com.alibaba.druid.pool.DruidPooledPreparedStatement.execute(DruidPooledPreparedStatement.java:493)
	... 7 more
2019-05-06 14:04:48,607 ERROR executor.ExecutorEngine - Concurrent execute result error {}
java.sql.SQLException: Error
	at com.alibaba.druid.pool.DruidDataSource.handleConnectionException(DruidDataSource.java:1195)
	at com.alibaba.druid.pool.DruidPooledConnection.handleException(DruidPooledConnection.java:127)
	at com.alibaba.druid.pool.DruidPooledStatement.checkException(DruidPooledStatement.java:68)
	at com.alibaba.druid.pool.DruidPooledPreparedStatement.execute(DruidPooledPreparedStatement.java:495)
	at com.dangdang.ddframe.rdb.sharding.executor.PreparedStatementExecutor$4.execute(PreparedStatementExecutor.java:119)
	at com.dangdang.ddframe.rdb.sharding.executor.PreparedStatementExecutor$4.execute(PreparedStatementExecutor.java:115)
	at com.dangdang.ddframe.rdb.sharding.executor.ExecutorEngine$1.call(ExecutorEngine.java:86)
	at java.util.concurrent.FutureTask.run(FutureTask.java:266)
	at java.util.concurrent.ThreadPoolExecutor.runWorker(ThreadPoolExecutor.java:1142)
	at java.util.concurrent.ThreadPoolExecutor$Worker.run(ThreadPoolExecutor.java:617)
	at java.lang.Thread.run(Thread.java:748)
Caused by: java.lang.NullPointerException
	at com.alibaba.druid.support.profile.Profiler.release(Profiler.java:58)
	at com.alibaba.druid.filter.stat.StatFilter.statement_executeErrorAfter(StatFilter.java:501)
	at com.alibaba.druid.filter.FilterEventAdapter.preparedStatement_execute(FilterEventAdapter.java:450)
	at com.alibaba.druid.filter.FilterChainImpl.preparedStatement_execute(FilterChainImpl.java:2929)
	at com.alibaba.druid.proxy.jdbc.PreparedStatementProxyImpl.execute(PreparedStatementProxyImpl.java:118)
	at com.alibaba.druid.pool.DruidPooledPreparedStatement.execute(DruidPooledPreparedStatement.java:493)
	... 7 more
2019-05-06 14:06:50,237 ERROR executor.ExecutorEngine - Concurrent execute result error {}
java.sql.SQLException: Error
	at com.alibaba.druid.pool.DruidDataSource.handleConnectionException(DruidDataSource.java:1195)
	at com.alibaba.druid.pool.DruidPooledConnection.handleException(DruidPooledConnection.java:127)
	at com.alibaba.druid.pool.DruidPooledStatement.checkException(DruidPooledStatement.java:68)
	at com.alibaba.druid.pool.DruidPooledPreparedStatement.execute(DruidPooledPreparedStatement.java:495)
	at com.dangdang.ddframe.rdb.sharding.executor.PreparedStatementExecutor$4.execute(PreparedStatementExecutor.java:119)
	at com.dangdang.ddframe.rdb.sharding.executor.PreparedStatementExecutor$4.execute(PreparedStatementExecutor.java:115)
	at com.dangdang.ddframe.rdb.sharding.executor.ExecutorEngine$1.call(ExecutorEngine.java:86)
	at java.util.concurrent.FutureTask.run$$$capture(FutureTask.java:266)
	at java.util.concurrent.FutureTask.run(FutureTask.java)
	at java.util.concurrent.ThreadPoolExecutor.runWorker(ThreadPoolExecutor.java:1142)
	at java.util.concurrent.ThreadPoolExecutor$Worker.run(ThreadPoolExecutor.java:617)
	at java.lang.Thread.run(Thread.java:748)
Caused by: java.lang.NullPointerException
	at com.alibaba.druid.support.profile.Profiler.release(Profiler.java:58)
	at com.alibaba.druid.filter.stat.StatFilter.statement_executeErrorAfter(StatFilter.java:501)
	at com.alibaba.druid.filter.FilterEventAdapter.preparedStatement_execute(FilterEventAdapter.java:450)
	at com.alibaba.druid.filter.FilterChainImpl.preparedStatement_execute(FilterChainImpl.java:2929)
	at com.alibaba.druid.proxy.jdbc.PreparedStatementProxyImpl.execute(PreparedStatementProxyImpl.java:118)
	at com.alibaba.druid.pool.DruidPooledPreparedStatement.execute(DruidPooledPreparedStatement.java:493)
	... 8 more
